android/app/build/intermediates/manifest_merge_blame_file/release/manifest-merger-blame-release-report.txt
1<?xml version="1.0" encoding="utf-8"?>
2<manifest xmlns:android="http://schemas.android.com/apk/res/android"
3    package="com.expertss4u"
4    android:versionCode="19"
5    android:versionName="1.1" >
6
7    <uses-sdk
8        android:minSdkVersion="21"
9        android:targetSdkVersion="34" />
10
11    <uses-permission android:name="android.permission.INTERNET" />
11-->src/main/AndroidManifest.xml:3:5-67
11-->src/main/AndroidManifest.xml:3:22-64
12    <uses-permission android:name="android.permission.READ_EXTERNAL_STORAGE" />
12-->src/main/AndroidManifest.xml:4:5-79
12-->src/main/AndroidManifest.xml:4:22-77
13    <uses-permission android:name="android.permission.WRITE_EXTERNAL_STORAGE" />
13-->src/main/AndroidManifest.xml:5:5-81
13-->src/main/AndroidManifest.xml:5:22-78
14    <!-- Define ACCESS_FINE_LOCATION if you will use enableHighAccuracy=true -->
15    <uses-permission android:name="android.permission.ACCESS_COARSE_LOCATION" />
15-->src/main/AndroidManifest.xml:7:6-82
15-->src/main/AndroidManifest.xml:7:23-79
16    <uses-permission android:name="android.permission.CALL_PHONE" />
16-->src/main/AndroidManifest.xml:8:6-70
16-->src/main/AndroidManifest.xml:8:23-67
17    <!-- Define ACCESS_COARSE_LOCATION if you will use enableHighAccuracy=false -->
18    <uses-permission android:name="android.permission.ACCESS_FINE_LOCATION" />
18-->src/main/AndroidManifest.xml:10:6-11:64
18-->src/main/AndroidManifest.xml:11:7-61
19
20    <meta-data
20-->src/main/AndroidManifest.xml:12:4-14:71
21        android:name="com.google.android.geo.API_KEY"
21-->src/main/AndroidManifest.xml:13:13-58
22        android:value="AIzaSyCBRJgSZT50bFwgbOQHOWdi0giGUEdG3MY" />
22-->src/main/AndroidManifest.xml:14:13-68
23
24    <queries>
24-->[:react-native-image-crop-picker] AndroidManifest.xml:7:5-11:15
25        <intent>
25-->[:react-native-image-crop-picker] AndroidManifest.xml:8:9-10:18
26            <action android:name="android.media.action.IMAGE_CAPTURE" />
26-->[:react-native-image-crop-picker] AndroidManifest.xml:9:13-73
26-->[:react-native-image-crop-picker] AndroidManifest.xml:9:21-70
27        </intent>
28        <intent>
28-->[com.razorpay:checkout:1.6.39] AndroidManifest.xml:11:9-17:18
29            <action android:name="android.intent.action.VIEW" />
29-->src/main/AndroidManifest.xml:42:9-61
29-->src/main/AndroidManifest.xml:42:17-58
30
31            <data
31-->src/main/AndroidManifest.xml:45:9-44
32                android:mimeType="*/*"
33                android:scheme="*" />
33-->src/main/AndroidManifest.xml:45:15-41
34        </intent>
35        <intent>
35-->[com.razorpay:checkout:1.6.39] AndroidManifest.xml:18:9-27:18
36            <action android:name="android.intent.action.VIEW" />
36-->src/main/AndroidManifest.xml:42:9-61
36-->src/main/AndroidManifest.xml:42:17-58
37
38            <category android:name="android.intent.category.BROWSABLE" />
38-->src/main/AndroidManifest.xml:44:9-70
38-->src/main/AndroidManifest.xml:44:19-67
39
40            <data
40-->src/main/AndroidManifest.xml:45:9-44
41                android:host="pay"
41-->src/main/AndroidManifest.xml:54:15-46
42                android:mimeType="*/*"
43                android:scheme="upi" />
43-->src/main/AndroidManifest.xml:45:15-41
44        </intent>
45        <intent>
45-->[com.razorpay:checkout:1.6.39] AndroidManifest.xml:28:9-30:18
46            <action android:name="android.intent.action.MAIN" />
46-->src/main/AndroidManifest.xml:37:13-65
46-->src/main/AndroidManifest.xml:37:21-62
47        </intent>
48        <intent>
48-->[com.razorpay:checkout:1.6.39] AndroidManifest.xml:31:9-35:18
49            <action android:name="android.intent.action.SEND" />
49-->[com.razorpay:checkout:1.6.39] AndroidManifest.xml:32:13-65
49-->[com.razorpay:checkout:1.6.39] AndroidManifest.xml:32:21-62
50
51            <data android:mimeType="*/*" />
51-->src/main/AndroidManifest.xml:45:9-44
52        </intent>
53        <intent>
53-->[com.razorpay:checkout:1.6.39] AndroidManifest.xml:36:9-38:18
54            <action android:name="rzp.device_token.share" />
54-->[com.razorpay:checkout:1.6.39] AndroidManifest.xml:37:13-61
54-->[com.razorpay:checkout:1.6.39] AndroidManifest.xml:37:21-58
55        </intent> <!-- Needs to be explicitly declared on Android R+ -->
56        <package android:name="com.google.android.apps.maps" />
56-->[com.google.android.gms:play-services-maps:18.2.0] AndroidManifest.xml:33:9-64
56-->[com.google.android.gms:play-services-maps:18.2.0] AndroidManifest.xml:33:18-61
57    </queries> <!-- Include required permissions for Google Maps API to run. -->
58    <uses-permission android:name="android.permission.ACCESS_NETWORK_STATE" />
58-->[com.google.android.gms:play-services-maps:18.2.0] AndroidManifest.xml:23:5-79
58-->[com.google.android.gms:play-services-maps:18.2.0] AndroidManifest.xml:23:22-76
59
60    <uses-feature
60-->[com.google.android.gms:play-services-maps:18.2.0] AndroidManifest.xml:26:5-28:35
61        android:glEsVersion="0x00020000"
61-->[com.google.android.gms:play-services-maps:18.2.0] AndroidManifest.xml:27:9-41
62        android:required="true" />
62-->[com.google.android.gms:play-services-maps:18.2.0] AndroidManifest.xml:28:9-32
63
64    <uses-permission android:name="android.permission.WAKE_LOCK" />
64-->[androidx.work:work-runtime:2.7.1] AndroidManifest.xml:25:5-68
64-->[androidx.work:work-runtime:2.7.1] AndroidManifest.xml:25:22-65
65    <uses-permission android:name="android.permission.RECEIVE_BOOT_COMPLETED" />
65-->[androidx.work:work-runtime:2.7.1] AndroidManifest.xml:27:5-81
65-->[androidx.work:work-runtime:2.7.1] AndroidManifest.xml:27:22-78
66    <uses-permission android:name="android.permission.FOREGROUND_SERVICE" />
66-->[androidx.work:work-runtime:2.7.1] AndroidManifest.xml:28:5-77
66-->[androidx.work:work-runtime:2.7.1] AndroidManifest.xml:28:22-74
67
68    <permission
68-->[androidx.core:core:1.9.0] AndroidManifest.xml:22:5-24:47
69        android:name="com.expertss4u.DYNAMIC_RECEIVER_NOT_EXPORTED_PERMISSION"
69-->[androidx.core:core:1.9.0] AndroidManifest.xml:23:9-81
70        android:protectionLevel="signature" />
70-->[androidx.core:core:1.9.0] AndroidManifest.xml:24:9-44
71
72    <uses-permission android:name="com.expertss4u.DYNAMIC_RECEIVER_NOT_EXPORTED_PERMISSION" />
72-->[androidx.core:core:1.9.0] AndroidManifest.xml:26:5-97
72-->[androidx.core:core:1.9.0] AndroidManifest.xml:26:22-94
73
74    <application
74-->src/main/AndroidManifest.xml:15:5-57:19
75        android:name="com.expertss4u.MainApplication"
75-->src/main/AndroidManifest.xml:16:7-38
76        android:allowBackup="false"
76-->src/main/AndroidManifest.xml:21:7-34
77        android:appComponentFactory="androidx.core.app.CoreComponentFactory"
77-->[androidx.core:core:1.9.0] AndroidManifest.xml:28:18-86
78        android:extractNativeLibs="true"
79        android:icon="@mipmap/ic_launcher"
79-->src/main/AndroidManifest.xml:19:7-41
80        android:label="@string/app_name"
80-->src/main/AndroidManifest.xml:18:7-39
81        android:roundIcon="@mipmap/ic_launcher"
81-->src/main/AndroidManifest.xml:20:7-46
82        android:theme="@style/AppTheme"
82-->src/main/AndroidManifest.xml:22:7-38
83        android:usesCleartextTraffic="true" >
83-->src/main/AndroidManifest.xml:17:8-43
84        <meta-data
84-->src/main/AndroidManifest.xml:12:4-14:71
85            android:name="com.google.android.geo.API_KEY"
85-->src/main/AndroidManifest.xml:13:13-58
86            android:value="AIzaSyCBRJgSZT50bFwgbOQHOWdi0giGUEdG3MY" />
86-->src/main/AndroidManifest.xml:14:13-68
87
88        <activity
88-->src/main/AndroidManifest.xml:28:7-56:18
89            android:name="com.expertss4u.MainActivity"
89-->src/main/AndroidManifest.xml:29:9-37
90            android:configChanges="keyboard|keyboardHidden|orientation|screenLayout|screenSize|smallestScreenSize|uiMode"
90-->src/main/AndroidManifest.xml:31:9-118
91            android:exported="true"
91-->src/main/AndroidManifest.xml:35:9-32
92            android:label="@string/app_name"
92-->src/main/AndroidManifest.xml:30:9-41
93            android:launchMode="singleTask"
93-->src/main/AndroidManifest.xml:33:9-40
94            android:screenOrientation="portrait"
94-->src/main/AndroidManifest.xml:32:8-44
95            android:windowSoftInputMode="adjustResize" >
95-->src/main/AndroidManifest.xml:34:9-51
96            <intent-filter>
96-->src/main/AndroidManifest.xml:36:9-39:25
97                <action android:name="android.intent.action.MAIN" />
97-->src/main/AndroidManifest.xml:37:13-65
97-->src/main/AndroidManifest.xml:37:21-62
98
99                <category android:name="android.intent.category.LAUNCHER" />
99-->src/main/AndroidManifest.xml:38:13-73
99-->src/main/AndroidManifest.xml:38:23-70
100            </intent-filter>
101            <intent-filter>
101-->src/main/AndroidManifest.xml:41:9-46:21
102                <action android:name="android.intent.action.VIEW" />
102-->src/main/AndroidManifest.xml:42:9-61
102-->src/main/AndroidManifest.xml:42:17-58
103
104                <category android:name="android.intent.category.DEFAULT" />
104-->src/main/AndroidManifest.xml:43:9-68
104-->src/main/AndroidManifest.xml:43:19-65
105                <category android:name="android.intent.category.BROWSABLE" />
105-->src/main/AndroidManifest.xml:44:9-70
105-->src/main/AndroidManifest.xml:44:19-67
106
107                <data android:scheme="Experts4u" />
107-->src/main/AndroidManifest.xml:45:9-44
107-->src/main/AndroidManifest.xml:45:15-41
108            </intent-filter>
109            <intent-filter>
109-->src/main/AndroidManifest.xml:48:6-55:21
110                <action android:name="android.intent.action.VIEW" />
110-->src/main/AndroidManifest.xml:42:9-61
110-->src/main/AndroidManifest.xml:42:17-58
111
112                <category android:name="android.intent.category.DEFAULT" />
112-->src/main/AndroidManifest.xml:43:9-68
112-->src/main/AndroidManifest.xml:43:19-65
113                <category android:name="android.intent.category.BROWSABLE" />
113-->src/main/AndroidManifest.xml:44:9-70
113-->src/main/AndroidManifest.xml:44:19-67
114
115                <data android:scheme="http" />
115-->src/main/AndroidManifest.xml:45:9-44
115-->src/main/AndroidManifest.xml:45:15-41
116                <data android:scheme="https" />
116-->src/main/AndroidManifest.xml:45:9-44
116-->src/main/AndroidManifest.xml:45:15-41
117                <data android:host="www.experts4u.in" />
117-->src/main/AndroidManifest.xml:45:9-44
117-->src/main/AndroidManifest.xml:54:15-46
118            </intent-filter>
119        </activity>
120
121        <provider
121-->[:react-native-image-crop-picker] AndroidManifest.xml:16:9-24:20
122            android:name="com.reactnative.ivpusic.imagepicker.IvpusicImagePickerFileProvider"
122-->[:react-native-image-crop-picker] AndroidManifest.xml:17:13-94
123            android:authorities="com.expertss4u.provider"
123-->[:react-native-image-crop-picker] AndroidManifest.xml:18:13-60
124            android:exported="false"
124-->[:react-native-image-crop-picker] AndroidManifest.xml:19:13-37
125            android:grantUriPermissions="true" >
125-->[:react-native-image-crop-picker] AndroidManifest.xml:20:13-47
126            <meta-data
126-->[:react-native-image-crop-picker] AndroidManifest.xml:21:13-23:78
127                android:name="android.support.FILE_PROVIDER_PATHS"
127-->[:react-native-image-crop-picker] AndroidManifest.xml:22:17-67
128                android:resource="@xml/ivpusic_imagepicker_provider_paths" />
128-->[:react-native-image-crop-picker] AndroidManifest.xml:23:17-75
129        </provider>
130
131        <activity
131-->[:react-native-image-crop-picker] AndroidManifest.xml:26:9-28:72
132            android:name="com.yalantis.ucrop.UCropActivity"
132-->[:react-native-image-crop-picker] AndroidManifest.xml:27:13-60
133            android:theme="@style/Theme.AppCompat.Light.NoActionBar" />
133-->[:react-native-image-crop-picker] AndroidManifest.xml:28:13-69
134
135        <provider
135-->[:react-native-image-picker] AndroidManifest.xml:8:9-16:20
136            android:name="com.imagepicker.ImagePickerProvider"
136-->[:react-native-image-picker] AndroidManifest.xml:9:13-63
137            android:authorities="com.expertss4u.imagepickerprovider"
137-->[:react-native-image-picker] AndroidManifest.xml:10:13-71
138            android:exported="false"
138-->[:react-native-image-picker] AndroidManifest.xml:11:13-37
139            android:grantUriPermissions="true" >
139-->[:react-native-image-picker] AndroidManifest.xml:12:13-47
140            <meta-data
140-->[:react-native-image-crop-picker] AndroidManifest.xml:21:13-23:78
141                android:name="android.support.FILE_PROVIDER_PATHS"
141-->[:react-native-image-crop-picker] AndroidManifest.xml:22:17-67
142                android:resource="@xml/imagepicker_provider_paths" />
142-->[:react-native-image-crop-picker] AndroidManifest.xml:23:17-75
143        </provider>
144
145        <activity
145-->[:react-native-razorpay] AndroidManifest.xml:8:9-10:86
146            android:name="com.razorpay.CheckoutActivity"
146-->[:react-native-razorpay] AndroidManifest.xml:9:13-57
147            android:configChanges="keyboard|keyboardHidden|orientation|screenSize"
147-->[:react-native-razorpay] AndroidManifest.xml:10:13-83
148            android:exported="false"
148-->[com.razorpay:checkout:1.6.39] AndroidManifest.xml:54:13-37
149            android:theme="@style/CheckoutTheme" >
149-->[com.razorpay:checkout:1.6.39] AndroidManifest.xml:55:13-49
150            <intent-filter>
150-->[com.razorpay:checkout:1.6.39] AndroidManifest.xml:56:13-58:29
151                <action android:name="android.intent.action.MAIN" />
151-->src/main/AndroidManifest.xml:37:13-65
151-->src/main/AndroidManifest.xml:37:21-62
152            </intent-filter>
153        </activity>
154
155        <meta-data
155-->[com.github.bumptech.glide:okhttp3-integration:4.12.0] AndroidManifest.xml:11:9-13:43
156            android:name="com.bumptech.glide.integration.okhttp3.OkHttpGlideModule"
156-->[com.github.bumptech.glide:okhttp3-integration:4.12.0] AndroidManifest.xml:12:13-84
157            android:value="GlideModule" />
157-->[com.github.bumptech.glide:okhttp3-integration:4.12.0] AndroidManifest.xml:13:13-40
158        <meta-data
158-->[com.google.maps.android:android-maps-utils:3.8.2] AndroidManifest.xml:8:9-10:69
159            android:name="com.google.android.gms.version"
159-->[com.google.maps.android:android-maps-utils:3.8.2] AndroidManifest.xml:9:13-58
160            android:value="@integer/google_play_services_version" />
160-->[com.google.maps.android:android-maps-utils:3.8.2] AndroidManifest.xml:10:13-66
161
162        <receiver
162-->[com.razorpay:checkout:1.6.39] AndroidManifest.xml:42:9-49:20
163            android:name="com.razorpay.RzpTokenReceiver"
163-->[com.razorpay:checkout:1.6.39] AndroidManifest.xml:43:13-57
164            android:exported="true" >
164-->[com.razorpay:checkout:1.6.39] AndroidManifest.xml:44:13-36
165            <intent-filter>
165-->[com.razorpay:checkout:1.6.39] AndroidManifest.xml:46:13-48:29
166                <action android:name="rzp.device_token.share" />
166-->[com.razorpay:checkout:1.6.39] AndroidManifest.xml:37:13-61
166-->[com.razorpay:checkout:1.6.39] AndroidManifest.xml:37:21-58
167            </intent-filter>
168        </receiver>
169
170        <meta-data
170-->[com.razorpay:checkout:1.6.39] AndroidManifest.xml:61:9-63:58
171            android:name="com.razorpay.plugin.googlepay_all"
171-->[com.razorpay:checkout:1.6.39] AndroidManifest.xml:62:13-61
172            android:value="com.razorpay.RzpGpayMerged" /> <!-- Needs to be explicitly declared on P+ -->
172-->[com.razorpay:checkout:1.6.39] AndroidManifest.xml:63:13-55
173        <uses-library
173-->[com.google.android.gms:play-services-maps:18.2.0] AndroidManifest.xml:39:9-41:40
174            android:name="org.apache.http.legacy"
174-->[com.google.android.gms:play-services-maps:18.2.0] AndroidManifest.xml:40:13-50
175            android:required="false" />
175-->[com.google.android.gms:play-services-maps:18.2.0] AndroidManifest.xml:41:13-37
176
177        <activity
177-->[com.google.android.gms:play-services-auth:21.1.0] AndroidManifest.xml:23:9-27:75
178            android:name="com.google.android.gms.auth.api.signin.internal.SignInHubActivity"
178-->[com.google.android.gms:play-services-auth:21.1.0] AndroidManifest.xml:24:13-93
179            android:excludeFromRecents="true"
179-->[com.google.android.gms:play-services-auth:21.1.0] AndroidManifest.xml:25:13-46
180            android:exported="false"
180-->[com.google.android.gms:play-services-auth:21.1.0] AndroidManifest.xml:26:13-37
181            android:theme="@android:style/Theme.Translucent.NoTitleBar" />
181-->[com.google.android.gms:play-services-auth:21.1.0] AndroidManifest.xml:27:13-72
182        <!--
183            Service handling Google Sign-In user revocation. For apps that do not integrate with
184            Google Sign-In, this service will never be started.
185        -->
186        <service
186-->[com.google.android.gms:play-services-auth:21.1.0] AndroidManifest.xml:33:9-37:51
187            android:name="com.google.android.gms.auth.api.signin.RevocationBoundService"
187-->[com.google.android.gms:play-services-auth:21.1.0] AndroidManifest.xml:34:13-89
188            android:exported="true"
188-->[com.google.android.gms:play-services-auth:21.1.0] AndroidManifest.xml:35:13-36
189            android:permission="com.google.android.gms.auth.api.signin.permission.REVOCATION_NOTIFICATION"
189-->[com.google.android.gms:play-services-auth:21.1.0] AndroidManifest.xml:36:13-107
190            android:visibleToInstantApps="true" />
190-->[com.google.android.gms:play-services-auth:21.1.0] AndroidManifest.xml:37:13-48
191
192        <activity
192-->[com.google.android.gms:play-services-base:18.3.0] AndroidManifest.xml:20:9-22:45
193            android:name="com.google.android.gms.common.api.GoogleApiActivity"
193-->[com.google.android.gms:play-services-base:18.3.0] AndroidManifest.xml:20:19-85
194            android:exported="false"
194-->[com.google.android.gms:play-services-base:18.3.0] AndroidManifest.xml:22:19-43
195            android:theme="@android:style/Theme.Translucent.NoTitleBar" />
195-->[com.google.android.gms:play-services-base:18.3.0] AndroidManifest.xml:21:19-78
196
197        <provider
197-->[androidx.work:work-runtime:2.7.1] AndroidManifest.xml:31:9-39:20
198            android:name="androidx.startup.InitializationProvider"
198-->[androidx.work:work-runtime:2.7.1] AndroidManifest.xml:32:13-67
199            android:authorities="com.expertss4u.androidx-startup"
199-->[androidx.work:work-runtime:2.7.1] AndroidManifest.xml:33:13-68
200            android:exported="false" >
200-->[androidx.work:work-runtime:2.7.1] AndroidManifest.xml:34:13-37
201            <meta-data
201-->[androidx.work:work-runtime:2.7.1] AndroidManifest.xml:36:13-38:52
202                android:name="androidx.work.WorkManagerInitializer"
202-->[androidx.work:work-runtime:2.7.1] AndroidManifest.xml:37:17-68
203                android:value="androidx.startup" />
203-->[androidx.work:work-runtime:2.7.1] AndroidManifest.xml:38:17-49
204            <meta-data
204-->[androidx.emoji2:emoji2:1.2.0] AndroidManifest.xml:29:13-31:52
205                android:name="androidx.emoji2.text.EmojiCompatInitializer"
205-->[androidx.emoji2:emoji2:1.2.0] AndroidManifest.xml:30:17-75
206                android:value="androidx.startup" />
206-->[androidx.emoji2:emoji2:1.2.0] AndroidManifest.xml:31:17-49
207            <meta-data
207-->[androidx.lifecycle:lifecycle-process:2.4.1] AndroidManifest.xml:31:13-33:52
208                android:name="androidx.lifecycle.ProcessLifecycleInitializer"
208-->[androidx.lifecycle:lifecycle-process:2.4.1] AndroidManifest.xml:32:17-78
209                android:value="androidx.startup" />
209-->[androidx.lifecycle:lifecycle-process:2.4.1] AndroidManifest.xml:33:17-49
210        </provider>
211
212        <service
212-->[androidx.work:work-runtime:2.7.1] AndroidManifest.xml:41:9-46:35
213            android:name="androidx.work.impl.background.systemalarm.SystemAlarmService"
213-->[androidx.work:work-runtime:2.7.1] AndroidManifest.xml:42:13-88
214            android:directBootAware="false"
214-->[androidx.work:work-runtime:2.7.1] AndroidManifest.xml:43:13-44
215            android:enabled="@bool/enable_system_alarm_service_default"
215-->[androidx.work:work-runtime:2.7.1] AndroidManifest.xml:44:13-72
216            android:exported="false" />
216-->[androidx.work:work-runtime:2.7.1] AndroidManifest.xml:45:13-37
217        <service
217-->[androidx.work:work-runtime:2.7.1] AndroidManifest.xml:47:9-53:35
218            android:name="androidx.work.impl.background.systemjob.SystemJobService"
218-->[androidx.work:work-runtime:2.7.1] AndroidManifest.xml:48:13-84
219            android:directBootAware="false"
219-->[androidx.work:work-runtime:2.7.1] AndroidManifest.xml:49:13-44
220            android:enabled="@bool/enable_system_job_service_default"
220-->[androidx.work:work-runtime:2.7.1] AndroidManifest.xml:50:13-70
221            android:exported="true"
221-->[androidx.work:work-runtime:2.7.1] AndroidManifest.xml:51:13-36
222            android:permission="android.permission.BIND_JOB_SERVICE" />
222-->[androidx.work:work-runtime:2.7.1] AndroidManifest.xml:52:13-69
223        <service
223-->[androidx.work:work-runtime:2.7.1] AndroidManifest.xml:54:9-59:35
224            android:name="androidx.work.impl.foreground.SystemForegroundService"
224-->[androidx.work:work-runtime:2.7.1] AndroidManifest.xml:55:13-81
225            android:directBootAware="false"
225-->[androidx.work:work-runtime:2.7.1] AndroidManifest.xml:56:13-44
226            android:enabled="@bool/enable_system_foreground_service_default"
226-->[androidx.work:work-runtime:2.7.1] AndroidManifest.xml:57:13-77
227            android:exported="false" />
227-->[androidx.work:work-runtime:2.7.1] AndroidManifest.xml:58:13-37
228
229        <receiver
229-->[androidx.work:work-runtime:2.7.1] AndroidManifest.xml:61:9-66:35
230            android:name="androidx.work.impl.utils.ForceStopRunnable$BroadcastReceiver"
230-->[androidx.work:work-runtime:2.7.1] AndroidManifest.xml:62:13-88
231            android:directBootAware="false"
231-->[androidx.work:work-runtime:2.7.1] AndroidManifest.xml:63:13-44
232            android:enabled="true"
232-->[androidx.work:work-runtime:2.7.1] AndroidManifest.xml:64:13-35
233            android:exported="false" />
233-->[androidx.work:work-runtime:2.7.1] AndroidManifest.xml:65:13-37
234        <receiver
234-->[androidx.work:work-runtime:2.7.1] AndroidManifest.xml:67:9-77:20
235            android:name="androidx.work.impl.background.systemalarm.ConstraintProxy$BatteryChargingProxy"
235-->[androidx.work:work-runtime:2.7.1] AndroidManifest.xml:68:13-106
236            android:directBootAware="false"
236-->[androidx.work:work-runtime:2.7.1] AndroidManifest.xml:69:13-44
237            android:enabled="false"
237-->[androidx.work:work-runtime:2.7.1] AndroidManifest.xml:70:13-36
238            android:exported="false" >
238-->[androidx.work:work-runtime:2.7.1] AndroidManifest.xml:71:13-37
239            <intent-filter>
239-->[androidx.work:work-runtime:2.7.1] AndroidManifest.xml:73:13-76:29
240                <action android:name="android.intent.action.ACTION_POWER_CONNECTED" />
240-->[androidx.work:work-runtime:2.7.1] AndroidManifest.xml:74:17-87
240-->[androidx.work:work-runtime:2.7.1] AndroidManifest.xml:74:25-84
241                <action android:name="android.intent.action.ACTION_POWER_DISCONNECTED" />
241-->[androidx.work:work-runtime:2.7.1] AndroidManifest.xml:75:17-90
241-->[androidx.work:work-runtime:2.7.1] AndroidManifest.xml:75:25-87
242            </intent-filter>
243        </receiver>
244        <receiver
244-->[androidx.work:work-runtime:2.7.1] AndroidManifest.xml:78:9-88:20
245            android:name="androidx.work.impl.background.systemalarm.ConstraintProxy$BatteryNotLowProxy"
245-->[androidx.work:work-runtime:2.7.1] AndroidManifest.xml:79:13-104
246            android:directBootAware="false"
246-->[androidx.work:work-runtime:2.7.1] AndroidManifest.xml:80:13-44
247            android:enabled="false"
247-->[androidx.work:work-runtime:2.7.1] AndroidManifest.xml:81:13-36
248            android:exported="false" >
248-->[androidx.work:work-runtime:2.7.1] AndroidManifest.xml:82:13-37
249            <intent-filter>
249-->[androidx.work:work-runtime:2.7.1] AndroidManifest.xml:84:13-87:29
250                <action android:name="android.intent.action.BATTERY_OKAY" />
250-->[androidx.work:work-runtime:2.7.1] AndroidManifest.xml:85:17-77
250-->[androidx.work:work-runtime:2.7.1] AndroidManifest.xml:85:25-74
251                <action android:name="android.intent.action.BATTERY_LOW" />
251-->[androidx.work:work-runtime:2.7.1] AndroidManifest.xml:86:17-76
251-->[androidx.work:work-runtime:2.7.1] AndroidManifest.xml:86:25-73
252            </intent-filter>
253        </receiver>
254        <receiver
254-->[androidx.work:work-runtime:2.7.1] AndroidManifest.xml:89:9-99:20
255            android:name="androidx.work.impl.background.systemalarm.ConstraintProxy$StorageNotLowProxy"
255-->[androidx.work:work-runtime:2.7.1] AndroidManifest.xml:90:13-104
256            android:directBootAware="false"
256-->[androidx.work:work-runtime:2.7.1] AndroidManifest.xml:91:13-44
257            android:enabled="false"
257-->[androidx.work:work-runtime:2.7.1] AndroidManifest.xml:92:13-36
258            android:exported="false" >
258-->[androidx.work:work-runtime:2.7.1] AndroidManifest.xml:93:13-37
259            <intent-filter>
259-->[androidx.work:work-runtime:2.7.1] AndroidManifest.xml:95:13-98:29
260                <action android:name="android.intent.action.DEVICE_STORAGE_LOW" />
260-->[androidx.work:work-runtime:2.7.1] AndroidManifest.xml:96:17-83
260-->[androidx.work:work-runtime:2.7.1] AndroidManifest.xml:96:25-80
261                <action android:name="android.intent.action.DEVICE_STORAGE_OK" />
261-->[androidx.work:work-runtime:2.7.1] AndroidManifest.xml:97:17-82
261-->[androidx.work:work-runtime:2.7.1] AndroidManifest.xml:97:25-79
262            </intent-filter>
263        </receiver>
264        <receiver
264-->[androidx.work:work-runtime:2.7.1] AndroidManifest.xml:100:9-109:20
265            android:name="androidx.work.impl.background.systemalarm.ConstraintProxy$NetworkStateProxy"
265-->[androidx.work:work-runtime:2.7.1] AndroidManifest.xml:101:13-103
266            android:directBootAware="false"
266-->[androidx.work:work-runtime:2.7.1] AndroidManifest.xml:102:13-44
267            android:enabled="false"
267-->[androidx.work:work-runtime:2.7.1] AndroidManifest.xml:103:13-36
268            android:exported="false" >
268-->[androidx.work:work-runtime:2.7.1] AndroidManifest.xml:104:13-37
269            <intent-filter>
269-->[androidx.work:work-runtime:2.7.1] AndroidManifest.xml:106:13-108:29
270                <action android:name="android.net.conn.CONNECTIVITY_CHANGE" />
270-->[androidx.work:work-runtime:2.7.1] AndroidManifest.xml:107:17-79
270-->[androidx.work:work-runtime:2.7.1] AndroidManifest.xml:107:25-76
271            </intent-filter>
272        </receiver>
273        <receiver
273-->[androidx.work:work-runtime:2.7.1] AndroidManifest.xml:110:9-121:20
274            android:name="androidx.work.impl.background.systemalarm.RescheduleReceiver"
274-->[androidx.work:work-runtime:2.7.1] AndroidManifest.xml:111:13-88
275            android:directBootAware="false"
275-->[androidx.work:work-runtime:2.7.1] AndroidManifest.xml:112:13-44
276            android:enabled="false"
276-->[androidx.work:work-runtime:2.7.1] AndroidManifest.xml:113:13-36
277            android:exported="false" >
277-->[androidx.work:work-runtime:2.7.1] AndroidManifest.xml:114:13-37
278            <intent-filter>
278-->[androidx.work:work-runtime:2.7.1] AndroidManifest.xml:116:13-120:29
279                <action android:name="android.intent.action.BOOT_COMPLETED" />
279-->[androidx.work:work-runtime:2.7.1] AndroidManifest.xml:117:17-79
279-->[androidx.work:work-runtime:2.7.1] AndroidManifest.xml:117:25-76
280                <action android:name="android.intent.action.TIME_SET" />
280-->[androidx.work:work-runtime:2.7.1] AndroidManifest.xml:118:17-73
280-->[androidx.work:work-runtime:2.7.1] AndroidManifest.xml:118:25-70
281                <action android:name="android.intent.action.TIMEZONE_CHANGED" />
281-->[androidx.work:work-runtime:2.7.1] AndroidManifest.xml:119:17-81
281-->[androidx.work:work-runtime:2.7.1] AndroidManifest.xml:119:25-78
282            </intent-filter>
283        </receiver>
284        <receiver
284-->[androidx.work:work-runtime:2.7.1] AndroidManifest.xml:122:9-131:20
285            android:name="androidx.work.impl.background.systemalarm.ConstraintProxyUpdateReceiver"
285-->[androidx.work:work-runtime:2.7.1] AndroidManifest.xml:123:13-99
286            android:directBootAware="false"
286-->[androidx.work:work-runtime:2.7.1] AndroidManifest.xml:124:13-44
287            android:enabled="@bool/enable_system_alarm_service_default"
287-->[androidx.work:work-runtime:2.7.1] AndroidManifest.xml:125:13-72
288            android:exported="false" >
288-->[androidx.work:work-runtime:2.7.1] AndroidManifest.xml:126:13-37
289            <intent-filter>
289-->[androidx.work:work-runtime:2.7.1] AndroidManifest.xml:128:13-130:29
290                <action android:name="androidx.work.impl.background.systemalarm.UpdateProxies" />
290-->[androidx.work:work-runtime:2.7.1] AndroidManifest.xml:129:17-98
290-->[androidx.work:work-runtime:2.7.1] AndroidManifest.xml:129:25-95
291            </intent-filter>
292        </receiver>
293        <receiver
293-->[androidx.work:work-runtime:2.7.1] AndroidManifest.xml:132:9-142:20
294            android:name="androidx.work.impl.diagnostics.DiagnosticsReceiver"